=== 元数据索引构建监控开始 2026-04-29 17:38:07 ===
目标: 55,873 个向量

[17:38:07] 进度: 6,476/55,873 (11.6%) | 剩余: 49,397
[17:39:07] 进度: 6,696/55,873 (12.0%) | 剩余: 49,177
[17:40:07] 进度: 6,912/55,873 (12.4%) | 剩余: 48,961
[17:41:07] 进度: 7,136/55,873 (12.8%) | 剩余: 48,737
[17:42:07] 进度: 7,372/55,873 (13.2%) | 剩余: 48,501
[17:43:07] 进度: 7,596/55,873 (13.6%) | 剩余: 48,277
[17:44:07] 进度: 7,804/55,873 (14.0%) | 剩余: 48,069
[17:45:07] 进度: 8,032/55,873 (14.4%) | 剩余: 47,841
[17:46:07] 进度: 8,264/55,873 (14.8%) | 剩余: 47,609
[17:47:07] 进度: 8,488/55,873 (15.2%) | 剩余: 47,385
[17:48:07] 进度: 8,712/55,873 (15.6%) | 剩余: 47,161
[17:49:07] 进度: 8,940/55,873 (16.0%) | 剩余: 46,933
[17:50:07] 进度: 9,148/55,873 (16.4%) | 剩余: 46,725
[17:51:08] 进度: 9,380/55,873 (16.8%) | 剩余: 46,493
[17:52:08] 进度: 9,608/55,873 (17.2%) | 剩余: 46,265
[17:53:08] 进度: 9,832/55,873 (17.6%) | 剩余: 46,041
[17:54:08] 进度: 10,036/55,873 (18.0%) | 剩余: 45,837
[17:55:08] 进度: 10,260/55,873 (18.4%) | 剩余: 45,613
[17:56:08] 进度: 10,476/55,873 (18.7%) | 剩余: 45,397
[17:57:08] 进度: 10,708/55,873 (19.2%) | 剩余: 45,165
[17:58:08] 进度: 10,928/55,873 (19.6%) | 剩余: 44,945
[17:59:08] 进度: 11,160/55,873 (20.0%) | 剩余: 44,713
[18:00:08] 进度: 11,372/55,873 (20.4%) | 剩余: 44,501
[18:01:08] 进度: 11,600/55,873 (20.8%) | 剩余: 44,273
[18:02:08] 进度: 11,828/55,873 (21.2%) | 剩余: 44,045
[18:03:08] 进度: 12,052/55,873 (21.6%) | 剩余: 43,821
[18:04:08] 进度: 12,272/55,873 (22.0%) | 剩余: 43,601
[18:05:08] 进度: 12,500/55,873 (22.4%) | 剩余: 43,373
[18:06:08] 进度: 12,720/55,873 (22.8%) | 剩余: 43,153
[18:07:08] 进度: 12,964/55,873 (23.2%) | 剩余: 42,909
[18:08:08] 进度: 13,184/55,873 (23.6%) | 剩余: 42,689
[18:09:08] 进度: 13,388/55,873 (24.0%) | 剩余: 42,485
[18:10:08] 进度: 13,636/55,873 (24.4%) | 剩余: 42,237
[18:11:08] 进度: 13,868/55,873 (24.8%) | 剩余: 42,005
[18:12:08] 进度: 14,096/55,873 (25.2%) | 剩余: 41,777
[18:13:09] 进度: 14,312/55,873 (25.6%) | 剩余: 41,561
[18:14:09] 进度: 14,536/55,873 (26.0%) | 剩余: 41,337
[18:15:09] 进度: 14,764/55,873 (26.4%) | 剩余: 41,109
[18:16:09] 进度: 14,988/55,873 (26.8%) | 剩余: 40,885
[18:17:09] 进度: 15,196/55,873 (27.2%) | 剩余: 40,677
[18:18:09] 进度: 15,460/55,873 (27.7%) | 剩余: 40,413
[18:19:09] 进度: 15,672/55,873 (28.0%) | 剩余: 40,201
[18:20:09] 进度: 15,912/55,873 (28.5%) | 剩余: 39,961
[18:21:09] 进度: 16,128/55,873 (28.9%) | 剩余: 39,745
[18:22:09] 进度: 16,348/55,873 (29.3%) | 剩余: 39,525
[18:23:09] 进度: 16,576/55,873 (29.7%) | 剩余: 39,297
[18:24:09] 进度: 16,804/55,873 (30.1%) | 剩余: 39,069
[18:25:09] 进度: 17,028/55,873 (30.5%) | 剩余: 38,845
[18:26:09] 进度: 17,264/55,873 (30.9%) | 剩余: 38,609
[18:27:09] 进度: 17,492/55,873 (31.3%) | 剩余: 38,381
[18:28:09] 进度: 17,708/55,873 (31.7%) | 剩余: 38,165
[18:29:09] 进度: 17,936/55,873 (32.1%) | 剩余: 37,937
[18:30:09] 进度: 18,160/55,873 (32.5%) | 剩余: 37,713
[18:31:09] 进度: 18,380/55,873 (32.9%) | 剩余: 37,493
[18:32:10] 进度: 18,604/55,873 (33.3%) | 剩余: 37,269
[18:33:10] 进度: 18,852/55,873 (33.7%) | 剩余: 37,021
[18:34:10] 进度: 19,064/55,873 (34.1%) | 剩余: 36,809
[18:35:10] 进度: 19,292/55,873 (34.5%) | 剩余: 36,581
[18:36:10] 进度: 19,536/55,873 (35.0%) | 剩余: 36,337
[18:37:10] 进度: 19,752/55,873 (35.4%) | 剩余: 36,121
[18:38:10] 进度: 19,972/55,873 (35.7%) | 剩余: 35,901
[18:39:10] 进度: 20,208/55,873 (36.2%) | 剩余: 35,665
[18:40:10] 进度: 20,436/55,873 (36.6%) | 剩余: 35,437
[18:41:10] 进度: 20,664/55,873 (37.0%) | 剩余: 35,209
[18:42:10] 进度: 20,880/55,873 (37.4%) | 剩余: 34,993
[18:43:10] 进度: 21,112/55,873 (37.8%) | 剩余: 34,761
[18:44:10] 进度: 21,328/55,873 (38.2%) | 剩余: 34,545
[18:45:10] 进度: 21,560/55,873 (38.6%) | 剩余: 34,313
[18:46:10] 进度: 21,776/55,873 (39.0%) | 剩余: 34,097
[18:47:10] 进度: 21,996/55,873 (39.4%) | 剩余: 33,877
[18:48:10] 进度: 22,240/55,873 (39.8%) | 剩余: 33,633
[18:49:10] 进度: 22,456/55,873 (40.2%) | 剩余: 33,417
[18:50:10] 进度: 22,692/55,873 (40.6%) | 剩余: 33,181
[18:51:10] 进度: 22,924/55,873 (41.0%) | 剩余: 32,949
[18:52:10] 进度: 23,144/55,873 (41.4%) | 剩余: 32,729
[18:53:10] 进度: 23,364/55,873 (41.8%) | 剩余: 32,509
[18:54:11] 进度: 23,588/55,873 (42.2%) | 剩余: 32,285
[18:55:11] 进度: 23,804/55,873 (42.6%) | 剩余: 32,069
[18:56:11] 进度: 24,040/55,873 (43.0%) | 剩余: 31,833
[18:57:11] 进度: 24,276/55,873 (43.4%) | 剩余: 31,597
[18:58:11] 进度: 24,492/55,873 (43.8%) | 剩余: 31,381
[18:59:11] 进度: 24,712/55,873 (44.2%) | 剩余: 31,161
[19:00:11] 进度: 24,956/55,873 (44.7%) | 剩余: 30,917
[19:01:11] 进度: 25,172/55,873 (45.1%) | 剩余: 30,701
[19:02:11] 进度: 25,396/55,873 (45.5%) | 剩余: 30,477
[19:03:11] 进度: 25,624/55,873 (45.9%) | 剩余: 30,249
[19:04:11] 进度: 25,848/55,873 (46.3%) | 剩余: 30,025
[19:05:11] 进度: 26,092/55,873 (46.7%) | 剩余: 29,781
[19:06:11] 进度: 26,308/55,873 (47.1%) | 剩余: 29,565
[19:07:11] 进度: 26,544/55,873 (47.5%) | 剩余: 29,329
[19:08:11] 进度: 26,760/55,873 (47.9%) | 剩余: 29,113
[19:09:11] 进度: 26,988/55,873 (48.3%) | 剩余: 28,885
[19:10:11] 进度: 27,212/55,873 (48.7%) | 剩余: 28,661
[19:11:11] 进度: 27,448/55,873 (49.1%) | 剩余: 28,425
[19:12:12] 进度: 27,664/55,873 (49.5%) | 剩余: 28,209
[19:13:12] 进度: 27,892/55,873 (49.9%) | 剩余: 27,981
[19:14:12] 进度: 28,108/55,873 (50.3%) | 剩余: 27,765
[19:15:12] 进度: 28,332/55,873 (50.7%) | 剩余: 27,541
[19:16:12] 进度: 28,560/55,873 (51.1%) | 剩余: 27,313
[19:17:12] 进度: 28,780/55,873 (51.5%) | 剩余: 27,093
[19:18:12] 进度: 29,012/55,873 (51.9%) | 剩余: 26,861
[19:19:12] 进度: 29,236/55,873 (52.3%) | 剩余: 26,637
[19:20:12] 进度: 29,452/55,873 (52.7%) | 剩余: 26,421
[19:21:12] 进度: 29,688/55,873 (53.1%) | 剩余: 26,185
[19:22:12] 进度: 29,920/55,873 (53.6%) | 剩余: 25,953
[19:23:12] 进度: 30,152/55,873 (54.0%) | 剩余: 25,721
[19:24:12] 进度: 30,372/55,873 (54.4%) | 剩余: 25,501
[19:25:12] 进度: 30,588/55,873 (54.7%) | 剩余: 25,285
[19:26:12] 进度: 30,816/55,873 (55.2%) | 剩余: 25,057
[19:27:12] 进度: 31,048/55,873 (55.6%) | 剩余: 24,825
[19:28:12] 进度: 31,272/55,873 (56.0%) | 剩余: 24,601
[19:29:13] 进度: 31,496/55,873 (56.4%) | 剩余: 24,377
[19:30:13] 进度: 31,732/55,873 (56.8%) | 剩余: 24,141
[19:31:13] 进度: 31,960/55,873 (57.2%) | 剩余: 23,913
[19:32:13] 进度: 32,176/55,873 (57.6%) | 剩余: 23,697
[19:33:13] 进度: 32,412/55,873 (58.0%) | 剩余: 23,461
[19:34:13] 进度: 32,636/55,873 (58.4%) | 剩余: 23,237
[19:35:13] 进度: 32,848/55,873 (58.8%) | 剩余: 23,025
[19:36:13] 进度: 33,088/55,873 (59.2%) | 剩余: 22,785
[19:37:13] 进度: 33,312/55,873 (59.6%) | 剩余: 22,561
[19:38:13] 进度: 33,532/55,873 (60.0%) | 剩余: 22,341
[19:39:13] 进度: 33,752/55,873 (60.4%) | 剩余: 22,121
[19:40:13] 进度: 33,984/55,873 (60.8%) | 剩余: 21,889
[19:41:13] 进度: 34,192/55,873 (61.2%) | 剩余: 21,681
[19:42:13] 进度: 34,436/55,873 (61.6%) | 剩余: 21,437
[19:43:13] 进度: 34,592/55,873 (61.9%) | 剩余: 21,281
[19:44:14] 进度: 34,592/55,873 (61.9%) | 剩余: 21,281
[19:45:14] 进度: 34,928/55,873 (62.5%) | 剩余: 20,945
[19:46:14] 进度: 35,268/55,873 (63.1%) | 剩余: 20,605
[19:47:14] 进度: 35,504/55,873 (63.5%) | 剩余: 20,369
[19:48:14] 进度: 35,716/55,873 (63.9%) | 剩余: 20,157
[19:49:14] 进度: 35,944/55,873 (64.3%) | 剩余: 19,929
[19:50:14] 进度: 36,172/55,873 (64.7%) | 剩余: 19,701
[19:51:14] 进度: 36,392/55,873 (65.1%) | 剩余: 19,481
[19:52:14] 进度: 36,628/55,873 (65.6%) | 剩余: 19,245
[19:53:14] 进度: 36,856/55,873 (66.0%) | 剩余: 19,017
[19:54:14] 进度: 37,072/55,873 (66.4%) | 剩余: 18,801
[19:55:14] 进度: 37,284/55,873 (66.7%) | 剩余: 18,589
[19:56:14] 进度: 37,636/55,873 (67.4%) | 剩余: 18,237
[19:57:14] 进度: 37,860/55,873 (67.8%) | 剩余: 18,013
[19:58:14] 进度: 38,104/55,873 (68.2%) | 剩余: 17,769
[19:59:14] 进度: 38,308/55,873 (68.6%) | 剩余: 17,565
[20:00:15] 进度: 38,552/55,873 (69.0%) | 剩余: 17,321
[20:01:15] 进度: 38,764/55,873 (69.4%) | 剩余: 17,109
[20:02:15] 进度: 39,004/55,873 (69.8%) | 剩余: 16,869
[20:03:15] 进度: 39,228/55,873 (70.2%) | 剩余: 16,645
[20:04:15] 进度: 39,452/55,873 (70.6%) | 剩余: 16,421
[20:05:15] 进度: 39,684/55,873 (71.0%) | 剩余: 16,189
[20:06:15] 进度: 39,888/55,873 (71.4%) | 剩余: 15,985
[20:07:15] 进度: 40,108/55,873 (71.8%) | 剩余: 15,765
[20:08:15] 进度: 40,336/55,873 (72.2%) | 剩余: 15,537
[20:09:15] 进度: 40,560/55,873 (72.6%) | 剩余: 15,313
[20:10:15] 进度: 40,764/55,873 (73.0%) | 剩余: 15,109
[20:11:15] 进度: 40,764/55,873 (73.0%) | 剩余: 15,109
[20:12:15] 进度: 41,120/55,873 (73.6%) | 剩余: 14,753
[20:13:15] 进度: 41,404/55,873 (74.1%) | 剩余: 14,469
[20:14:16] 进度: 41,648/55,873 (74.5%) | 剩余: 14,225
[20:15:16] 进度: 41,860/55,873 (74.9%) | 剩余: 14,013
[20:16:16] 进度: 42,092/55,873 (75.3%) | 剩余: 13,781
[20:17:16] 进度: 42,324/55,873 (75.8%) | 剩余: 13,549
[20:18:16] 进度: 42,548/55,873 (76.2%) | 剩余: 13,325
[20:19:16] 进度: 42,772/55,873 (76.6%) | 剩余: 13,101
[20:20:16] 进度: 43,000/55,873 (77.0%) | 剩余: 12,873
[20:21:16] 进度: 43,228/55,873 (77.4%) | 剩余: 12,645
[20:22:16] 进度: 43,456/55,873 (77.8%) | 剩余: 12,417
[20:23:16] 进度: 43,664/55,873 (78.1%) | 剩余: 12,209
[20:24:16] 进度: 43,876/55,873 (78.5%) | 剩余: 11,997
[20:25:17] 进度: 44,160/55,873 (79.0%) | 剩余: 11,713
[20:26:17] 进度: 44,372/55,873 (79.4%) | 剩余: 11,501
[20:27:17] 进度: 44,612/55,873 (79.8%) | 剩余: 11,261
[20:28:17] 进度: 44,828/55,873 (80.2%) | 剩余: 11,045
[20:29:17] 进度: 45,056/55,873 (80.6%) | 剩余: 10,817
[20:30:17] 进度: 45,276/55,873 (81.0%) | 剩余: 10,597
[20:31:17] 进度: 45,496/55,873 (81.4%) | 剩余: 10,377
[20:32:17] 进度: 45,724/55,873 (81.8%) | 剩余: 10,149
[20:33:17] 进度: 45,964/55,873 (82.3%) | 剩余: 9,909
[20:34:17] 进度: 46,168/55,873 (82.6%) | 剩余: 9,705
[20:35:17] 进度: 46,404/55,873 (83.1%) | 剩余: 9,469
[20:36:17] 进度: 46,628/55,873 (83.5%) | 剩余: 9,245
[20:37:17] 进度: 46,848/55,873 (83.8%) | 剩余: 9,025
[20:38:17] 进度: 47,084/55,873 (84.3%) | 剩余: 8,789
[20:39:18] 进度: 47,292/55,873 (84.6%) | 剩余: 8,581
[20:40:18] 进度: 47,516/55,873 (85.0%) | 剩余: 8,357
[20:41:18] 进度: 47,748/55,873 (85.5%) | 剩余: 8,125
[20:42:18] 进度: 47,960/55,873 (85.8%) | 剩余: 7,913
[20:43:18] 进度: 48,188/55,873 (86.2%) | 剩余: 7,685
[20:44:18] 进度: 48,428/55,873 (86.7%) | 剩余: 7,445
[20:45:18] 进度: 48,640/55,873 (87.1%) | 剩余: 7,233
[20:46:18] 进度: 48,876/55,873 (87.5%) | 剩余: 6,997
[20:47:18] 进度: 49,088/55,873 (87.9%) | 剩余: 6,785
[20:48:18] 进度: 49,304/55,873 (88.2%) | 剩余: 6,569
[20:49:18] 进度: 49,544/55,873 (88.7%) | 剩余: 6,329
[20:50:18] 进度: 49,768/55,873 (89.1%) | 剩余: 6,105
[20:51:18] 进度: 49,972/55,873 (89.4%) | 剩余: 5,901
[20:52:19] 进度: 50,180/55,873 (89.8%) | 剩余: 5,693
[20:53:19] 进度: 50,436/55,873 (90.3%) | 剩余: 5,437
[20:54:19] 进度: 50,676/55,873 (90.7%) | 剩余: 5,197
[20:55:19] 进度: 50,892/55,873 (91.1%) | 剩余: 4,981
[20:56:19] 进度: 51,112/55,873 (91.5%) | 剩余: 4,761
[20:57:19] 进度: 51,344/55,873 (91.9%) | 剩余: 4,529
[20:58:19] 进度: 51,516/55,873 (92.2%) | 剩余: 4,357
[20:59:19] 进度: 51,784/55,873 (92.7%) | 剩余: 4,089
[21:00:19] 进度: 52,032/55,873 (93.1%) | 剩余: 3,841
[21:01:19] 进度: 52,256/55,873 (93.5%) | 剩余: 3,617
[21:02:19] 进度: 52,472/55,873 (93.9%) | 剩余: 3,401
[21:03:20] 进度: 52,700/55,873 (94.3%) | 剩余: 3,173
[21:04:20] 进度: 52,928/55,873 (94.7%) | 剩余: 2,945
[21:05:20] 进度: 53,160/55,873 (95.1%) | 剩余: 2,713
[21:06:20] 进度: 53,380/55,873 (95.5%) | 剩余: 2,493
[21:07:20] 进度: 53,604/55,873 (95.9%) | 剩余: 2,269
[21:08:20] 进度: 53,824/55,873 (96.3%) | 剩余: 2,049
[21:09:20] 进度: 54,052/55,873 (96.7%) | 剩余: 1,821
[21:10:20] 进度: 54,268/55,873 (97.1%) | 剩余: 1,605
[21:11:20] 进度: 54,504/55,873 (97.5%) | 剩余: 1,369
[21:12:20] 进度: 54,720/55,873 (97.9%) | 剩余: 1,153
[21:13:20] 进度: 54,972/55,873 (98.4%) | 剩余: 901
[21:14:20] 进度: 55,196/55,873 (98.8%) | 剩余: 677
[21:15:20] 进度: 55,420/55,873 (99.2%) | 剩余: 453
[21:16:20] 进度: 55,640/55,873 (99.6%) | 剩余: 233
[21:17:20] 进度: 55,864/55,873 (100.0%) | 剩余: 9
[21:18:21] 进程已结束
最终结果: 55873/55873 (100.0%)
